2020-03-17 12:14:43,922 INFO 2172 ReadyCapture
2020-03-17 12:14:45,473 INFO 2172 Capture
2020-03-17 12:14:45,496 INFO 2172 SaveCapture
2020-03-17 12:14:45,497 INFO 2172 CaptureSuccess
2020-03-17 12:14:45,502 INFO 2172 exit
2020-03-17 12:17:29,933 INFO 2172 ReadyCapture
2020-03-17 12:17:29,933 INFO 2172 ReadyCapture
2020-03-17 12:17:51,749 INFO 2305 ReadyCapture
2020-03-17 12:17:53,351 INFO 2305 Capture
2020-03-17 12:17:53,401 INFO 2305 SaveCapture
2020-03-17 12:17:53,402 INFO 2305 CaptureSuccess
2020-03-17 12:17:53,409 INFO 2305 exit
2020-03-17 12:18:17,053 INFO 2305 ReadyCapture
2020-03-17 12:18:17,053 INFO 2305 ReadyCapture
2020-03-17 12:18:18,582 INFO 2305 Capture
2020-03-17 12:18:18,582 INFO 2305 Capture
2020-03-17 12:18:18,630 INFO 2305 SaveCapture
2020-03-17 12:18:18,630 INFO 2305 SaveCapture
2020-03-17 12:18:18,631 INFO 2305 CaptureSuccess
2020-03-17 12:18:18,631 INFO 2305 CaptureSuccess
2020-03-17 12:18:18,639 INFO 2305 exit
2020-03-17 12:18:18,639 INFO 2305 exit
2020-03-17 12:18:19,691 INFO 2305 ReadyCapture
2020-03-17 12:18:19,691 INFO 2305 ReadyCapture
2020-03-17 12:18:19,691 INFO 2305 ReadyCapture
2020-03-17 12:18:30,701 INFO 2305 ReadyCapture
2020-03-17 12:18:30,701 INFO 2305 ReadyCapture
2020-03-17 12:18:30,701 INFO 2305 ReadyCapture
2020-03-17 12:18:30,701 INFO 2305 ReadyCapture
2020-03-17 12:18:42,615 INFO 2305 ReadyCapture
2020-03-17 12:18:42,615 INFO 2305 ReadyCapture
2020-03-17 12:18:42,615 INFO 2305 ReadyCapture
2020-03-17 12:18:42,615 INFO 2305 ReadyCapture
2020-03-17 12:18:42,615 INFO 2305 ReadyCapture
